(0000) 5000  0101000000000000 (   3)                 .ORIG x5000
(5000) 5005  0101000000000101 (   4)                 .FILL x5005
(5001) 0001  0000000000000001 (   7) blk2            .FILL x0001
(5002) 0001  0000000000000001 (   8)                 .FILL x0001
(5003) 0023  0000000000100011 (   9)                 .FILL x0023
(5004) 5011  0101000000010001 (  10)                 .FILL x5011
(5005) 0003  0000000000000011 (  13) Head            .FILL x0003
(5006) 0001  0000000000000001 (  14)                 .FILL x0001
(5007) 0023  0000000000100011 (  15)                 .FILL x0023
(5008) 5009  0101000000001001 (  16)                 .FILL x5009
(5009) 0001  0000000000000001 (  19) blk1            .FILL x0001
(500A) 0002  0000000000000010 (  20)                 .FILL x0002
(500B) 0048  0000000001001000 (  21)                 .FILL x0048
(500C) 500D  0101000000001101 (  22)                 .FILL x500D
(500D) 0002  0000000000000010 (  25) blk3            .FILL x0002
(500E) 0001  0000000000000001 (  26)                 .FILL x0001
(500F) 0049  0000000001001001 (  27)                 .FILL x0049
(5010) 5001  0101000000000001 (  28)                 .FILL x5001
(5011) 0000  0000000000000000 (  31) blk4            .FILL x0000
(5012) 0002  0000000000000010 (  32)                 .FILL x0002
(5013) 0023  0000000000100011 (  33)                 .FILL x0023
(5014) 0000  0000000000000000 (  34)                 .FILL x0000
