(0000) 3000  0011000000000000 (  14)                 .ORIG x3000
(3000) 4888  0100100010001000 (  19)                 JSR   DISPLAY_JUNGLE
(3001) E017  1110000000010111 (  20)                 LEA   R0 JUNGLE_INITIAL
(3002) F022  1111000000100010 (  21)                 TRAP  x22
(3003) A026  1010000000100110 (  22)                 LDI   R0 BLOCKS
(3004) 48E6  0100100011100110 (  23)                 JSR   LOAD_JUNGLE
(3005) 4883  0100100010000011 (  24)                 JSR   DISPLAY_JUNGLE
(3006) E002  1110000000000010 (  25)                 LEA   R0 JUNGLE_LOADED
(3007) F022  1111000000100010 (  26)                 TRAP  x22
(3008) F025  1111000000100101 (  27)                 TRAP  x25
(3009) 000A  0000000000001010 (  28) JUNGLE_LOADED   .FILL x000A
(300A) 004A  0000000001001010 (  28)                 .FILL x004A
(300B) 0075  0000000001110101 (  28)                 .FILL x0075
(300C) 006E  0000000001101110 (  28)                 .FILL x006E
(300D) 0067  0000000001100111 (  28)                 .FILL x0067
(300E) 006C  0000000001101100 (  28)                 .FILL x006C
(300F) 0065  0000000001100101 (  28)                 .FILL x0065
(3010) 0020  0000000000100000 (  28)                 .FILL x0020
(3011) 004C  0000000001001100 (  28)                 .FILL x004C
(3012) 006F  0000000001101111 (  28)                 .FILL x006F
(3013) 0061  0000000001100001 (  28)                 .FILL x0061
(3014) 0064  0000000001100100 (  28)                 .FILL x0064
(3015) 0065  0000000001100101 (  28)                 .FILL x0065
(3016) 0064  0000000001100100 (  28)                 .FILL x0064
(3017) 000A  0000000000001010 (  28)                 .FILL x000A
(3018) 0000  0000000000000000 (  28)                 .FILL x0000
(3019) 000A  0000000000001010 (  29) JUNGLE_INITIAL  .FILL x000A
(301A) 004A  0000000001001010 (  29)                 .FILL x004A
(301B) 0075  0000000001110101 (  29)                 .FILL x0075
(301C) 006E  0000000001101110 (  29)                 .FILL x006E
(301D) 0067  0000000001100111 (  29)                 .FILL x0067
(301E) 006C  0000000001101100 (  29)                 .FILL x006C
(301F) 0065  0000000001100101 (  29)                 .FILL x0065
(3020) 0020  0000000000100000 (  29)                 .FILL x0020
(3021) 0049  0000000001001001 (  29)                 .FILL x0049
(3022) 006E  0000000001101110 (  29)                 .FILL x006E
(3023) 0069  0000000001101001 (  29)                 .FILL x0069
(3024) 0074  0000000001110100 (  29)                 .FILL x0074
(3025) 0069  0000000001101001 (  29)                 .FILL x0069
(3026) 0061  0000000001100001 (  29)                 .FILL x0061
(3027) 006C  0000000001101100 (  29)                 .FILL x006C
(3028) 000A  0000000000001010 (  29)                 .FILL x000A
(3029) 0000  0000000000000000 (  29)                 .FILL x0000
(302A) 5000  0101000000000000 (  30) BLOCKS          .FILL x5000
(302B) 002B  0000000000101011 (  38) GRID            .FILL x002B
(302C) 002D  0000000000101101 (  38)                 .FILL x002D
(302D) 002B  0000000000101011 (  38)                 .FILL x002B
(302E) 002D  0000000000101101 (  38)                 .FILL x002D
(302F) 002B  0000000000101011 (  38)                 .FILL x002B
(3030) 002D  0000000000101101 (  38)                 .FILL x002D
(3031) 002B  0000000000101011 (  38)                 .FILL x002B
(3032) 002D  0000000000101101 (  38)                 .FILL x002D
(3033) 002B  0000000000101011 (  38)                 .FILL x002B
(3034) 0000  0000000000000000 (  38)                 .FILL x0000
(3035) 007C  0000000001111100 (  39) ROW0            .FILL x007C
(3036) 0020  0000000000100000 (  39)                 .FILL x0020
(3037) 007C  0000000001111100 (  39)                 .FILL x007C
(3038) 0020  0000000000100000 (  39)                 .FILL x0020
(3039) 007C  0000000001111100 (  39)                 .FILL x007C
(303A) 0020  0000000000100000 (  39)                 .FILL x0020
(303B) 007C  0000000001111100 (  39)                 .FILL x007C
(303C) 0020  0000000000100000 (  39)                 .FILL x0020
(303D) 007C  0000000001111100 (  39)                 .FILL x007C
(303E) 0000  0000000000000000 (  39)                 .FILL x0000
(303F) 002B  0000000000101011 (  40)                 .FILL x002B
(3040) 002D  0000000000101101 (  40)                 .FILL x002D
(3041) 002B  0000000000101011 (  40)                 .FILL x002B
(3042) 002D  0000000000101101 (  40)                 .FILL x002D
(3043) 002B  0000000000101011 (  40)                 .FILL x002B
(3044) 002D  0000000000101101 (  40)                 .FILL x002D
(3045) 002B  0000000000101011 (  40)                 .FILL x002B
(3046) 002D  0000000000101101 (  40)                 .FILL x002D
(3047) 002B  0000000000101011 (  40)                 .FILL x002B
(3048) 0000  0000000000000000 (  40)                 .FILL x0000
(3049) 007C  0000000001111100 (  41) ROW1            .FILL x007C
(304A) 0020  0000000000100000 (  41)                 .FILL x0020
(304B) 007C  0000000001111100 (  41)                 .FILL x007C
(304C) 0020  0000000000100000 (  41)                 .FILL x0020
(304D) 007C  0000000001111100 (  41)                 .FILL x007C
(304E) 0020  0000000000100000 (  41)                 .FILL x0020
(304F) 007C  0000000001111100 (  41)                 .FILL x007C
(3050) 0020  0000000000100000 (  41)                 .FILL x0020
(3051) 007C  0000000001111100 (  41)                 .FILL x007C
(3052) 0000  0000000000000000 (  41)                 .FILL x0000
(3053) 002B  0000000000101011 (  42)                 .FILL x002B
(3054) 002D  0000000000101101 (  42)                 .FILL x002D
(3055) 002B  0000000000101011 (  42)                 .FILL x002B
(3056) 002D  0000000000101101 (  42)                 .FILL x002D
(3057) 002B  0000000000101011 (  42)                 .FILL x002B
(3058) 002D  0000000000101101 (  42)                 .FILL x002D
(3059) 002B  0000000000101011 (  42)                 .FILL x002B
(305A) 002D  0000000000101101 (  42)                 .FILL x002D
(305B) 002B  0000000000101011 (  42)                 .FILL x002B
(305C) 0000  0000000000000000 (  42)                 .FILL x0000
(305D) 007C  0000000001111100 (  43) ROW2            .FILL x007C
(305E) 0020  0000000000100000 (  43)                 .FILL x0020
(305F) 007C  0000000001111100 (  43)                 .FILL x007C
(3060) 0020  0000000000100000 (  43)                 .FILL x0020
(3061) 007C  0000000001111100 (  43)                 .FILL x007C
(3062) 0020  0000000000100000 (  43)                 .FILL x0020
(3063) 007C  0000000001111100 (  43)                 .FILL x007C
(3064) 0020  0000000000100000 (  43)                 .FILL x0020
(3065) 007C  0000000001111100 (  43)                 .FILL x007C
(3066) 0000  0000000000000000 (  43)                 .FILL x0000
(3067) 002B  0000000000101011 (  44)                 .FILL x002B
(3068) 002D  0000000000101101 (  44)                 .FILL x002D
(3069) 002B  0000000000101011 (  44)                 .FILL x002B
(306A) 002D  0000000000101101 (  44)                 .FILL x002D
(306B) 002B  0000000000101011 (  44)                 .FILL x002B
(306C) 002D  0000000000101101 (  44)                 .FILL x002D
(306D) 002B  0000000000101011 (  44)                 .FILL x002B
(306E) 002D  0000000000101101 (  44)                 .FILL x002D
(306F) 002B  0000000000101011 (  44)                 .FILL x002B
(3070) 0000  0000000000000000 (  44)                 .FILL x0000
(3071) 007C  0000000001111100 (  45) ROW3            .FILL x007C
(3072) 0020  0000000000100000 (  45)                 .FILL x0020
(3073) 007C  0000000001111100 (  45)                 .FILL x007C
(3074) 0020  0000000000100000 (  45)                 .FILL x0020
(3075) 007C  0000000001111100 (  45)                 .FILL x007C
(3076) 0020  0000000000100000 (  45)                 .FILL x0020
(3077) 007C  0000000001111100 (  45)                 .FILL x007C
(3078) 0020  0000000000100000 (  45)                 .FILL x0020
(3079) 007C  0000000001111100 (  45)                 .FILL x007C
(307A) 0000  0000000000000000 (  45)                 .FILL x0000
(307B) 002B  0000000000101011 (  46)                 .FILL x002B
(307C) 002D  0000000000101101 (  46)                 .FILL x002D
(307D) 002B  0000000000101011 (  46)                 .FILL x002B
(307E) 002D  0000000000101101 (  46)                 .FILL x002D
(307F) 002B  0000000000101011 (  46)                 .FILL x002B
(3080) 002D  0000000000101101 (  46)                 .FILL x002D
(3081) 002B  0000000000101011 (  46)                 .FILL x002B
(3082) 002D  0000000000101101 (  46)                 .FILL x002D
(3083) 002B  0000000000101011 (  46)                 .FILL x002B
(3084) 0000  0000000000000000 (  46)                 .FILL x0000
(3085) 0000  0000000000000000 (  52) CURRENT_ROW     .FILL x0000
(3086) 0000  0000000000000000 (  53) CURRENT_COL     .FILL x0000
(3087) 0000  0000000000000000 (  54) HOME_ROW        .FILL x0000
(3088) 0000  0000000000000000 (  82) HOME_COL        .FILL x0000
(3089) 3E5F  0011111001011111 (  83) DISPLAY_JUNGLE  ST    R7 StoreR7
(308A) 305F  0011000001011111 (  84)                 ST    R0 StoreR0
(308B) 2057  0010000001010111 (  86)                 LD    R0 Enter
(308C) F021  1111000000100001 (  87)                 TRAP  x21
(308D) E049  1110000001001001 (  88)                 LEA   R0 TopStr
(308E) F022  1111000000100010 (  89)                 TRAP  x22
(308F) 2053  0010000001010011 (  90)                 LD    R0 Enter
(3090) F021  1111000000100001 (  91)                 TRAP  x21
(3091) 2052  0010000001010010 (  92)                 LD    R0 Space
(3092) F021  1111000000100001 (  93)                 TRAP  x21
(3093) F021  1111000000100001 (  94)                 TRAP  x21
(3094) E196  1110000110010110 (  95)                 LEA   R0 GRID
(3095) F022  1111000000100010 (  96)                 TRAP  x22
(3096) 204C  0010000001001100 (  97)                 LD    R0 Enter
(3097) F021  1111000000100001 (  98)                 TRAP  x21
(3098) 204C  0010000001001100 (  99)                 LD    R0 Row0
(3099) F021  1111000000100001 ( 100)                 TRAP  x21
(309A) 2049  0010000001001001 ( 101)                 LD    R0 Space
(309B) F021  1111000000100001 ( 102)                 TRAP  x21
(309C) E198  1110000110011000 ( 103)                 LEA   R0 ROW0
(309D) F022  1111000000100010 ( 104)                 TRAP  x22
(309E) 2044  0010000001000100 ( 105)                 LD    R0 Enter
(309F) F021  1111000000100001 ( 106)                 TRAP  x21
(30A0) 2043  0010000001000011 ( 107)                 LD    R0 Space
(30A1) F021  1111000000100001 ( 108)                 TRAP  x21
(30A2) F021  1111000000100001 ( 109)                 TRAP  x21
(30A3) E187  1110000110000111 ( 110)                 LEA   R0 GRID
(30A4) F022  1111000000100010 ( 111)                 TRAP  x22
(30A5) 203D  0010000000111101 ( 112)                 LD    R0 Enter
(30A6) F021  1111000000100001 ( 113)                 TRAP  x21
(30A7) 203E  0010000000111110 ( 114)                 LD    R0 Row1
(30A8) F021  1111000000100001 ( 115)                 TRAP  x21
(30A9) 203A  0010000000111010 ( 116)                 LD    R0 Space
(30AA) F021  1111000000100001 ( 117)                 TRAP  x21
(30AB) E19D  1110000110011101 ( 118)                 LEA   R0 ROW1
(30AC) F022  1111000000100010 ( 119)                 TRAP  x22
(30AD) 2035  0010000000110101 ( 120)                 LD    R0 Enter
(30AE) F021  1111000000100001 ( 121)                 TRAP  x21
(30AF) 2034  0010000000110100 ( 122)                 LD    R0 Space
(30B0) F021  1111000000100001 ( 123)                 TRAP  x21
(30B1) F021  1111000000100001 ( 124)                 TRAP  x21
(30B2) E178  1110000101111000 ( 125)                 LEA   R0 GRID
(30B3) F022  1111000000100010 ( 126)                 TRAP  x22
(30B4) 202E  0010000000101110 ( 127)                 LD    R0 Enter
(30B5) F021  1111000000100001 ( 128)                 TRAP  x21
(30B6) 2030  0010000000110000 ( 129)                 LD    R0 Row2
(30B7) F021  1111000000100001 ( 130)                 TRAP  x21
(30B8) 202B  0010000000101011 ( 131)                 LD    R0 Space
(30B9) F021  1111000000100001 ( 132)                 TRAP  x21
(30BA) E1A2  1110000110100010 ( 133)                 LEA   R0 ROW2
(30BB) F022  1111000000100010 ( 134)                 TRAP  x22
(30BC) 2026  0010000000100110 ( 135)                 LD    R0 Enter
(30BD) F021  1111000000100001 ( 136)                 TRAP  x21
(30BE) 2025  0010000000100101 ( 137)                 LD    R0 Space
(30BF) F021  1111000000100001 ( 138)                 TRAP  x21
(30C0) F021  1111000000100001 ( 139)                 TRAP  x21
(30C1) E169  1110000101101001 ( 140)                 LEA   R0 GRID
(30C2) F022  1111000000100010 ( 141)                 TRAP  x22
(30C3) 201F  0010000000011111 ( 142)                 LD    R0 Enter
(30C4) F021  1111000000100001 ( 143)                 TRAP  x21
(30C5) 2022  0010000000100010 ( 144)                 LD    R0 Row3
(30C6) F021  1111000000100001 ( 145)                 TRAP  x21
(30C7) 201C  0010000000011100 ( 146)                 LD    R0 Space
(30C8) F021  1111000000100001 ( 147)                 TRAP  x21
(30C9) E1A7  1110000110100111 ( 148)                 LEA   R0 ROW3
(30CA) F022  1111000000100010 ( 149)                 TRAP  x22
(30CB) 2017  0010000000010111 ( 150)                 LD    R0 Enter
(30CC) F021  1111000000100001 ( 151)                 TRAP  x21
(30CD) 2016  0010000000010110 ( 152)                 LD    R0 Space
(30CE) F021  1111000000100001 ( 153)                 TRAP  x21
(30CF) F021  1111000000100001 ( 154)                 TRAP  x21
(30D0) E15A  1110000101011010 ( 155)                 LEA   R0 GRID
(30D1) F022  1111000000100010 ( 156)                 TRAP  x22
(30D2) 2010  0010000000010000 ( 157)                 LD    R0 Enter
(30D3) F021  1111000000100001 ( 158)                 TRAP  x21
(30D4) 2E14  0010111000010100 ( 160)                 LD    R7 StoreR7
(30D5) 2014  0010000000010100 ( 161)                 LD    R0 StoreR0
(30D6) C1C0  1100000111000000 ( 163)                 RET   
(30D7) 0020  0000000000100000 ( 165) TopStr          .FILL x0020
(30D8) 0020  0000000000100000 ( 165)                 .FILL x0020
(30D9) 0020  0000000000100000 ( 165)                 .FILL x0020
(30DA) 0030  0000000000110000 ( 165)                 .FILL x0030
(30DB) 0020  0000000000100000 ( 165)                 .FILL x0020
(30DC) 0031  0000000000110001 ( 165)                 .FILL x0031
(30DD) 0020  0000000000100000 ( 165)                 .FILL x0020
(30DE) 0032  0000000000110010 ( 165)                 .FILL x0032
(30DF) 0020  0000000000100000 ( 165)                 .FILL x0020
(30E0) 0033  0000000000110011 ( 165)                 .FILL x0033
(30E1) 0020  0000000000100000 ( 165)                 .FILL x0020
(30E2) 0000  0000000000000000 ( 165)                 .FILL x0000
(30E3) 000A  0000000000001010 ( 166) Enter           .FILL x000A
(30E4) 0020  0000000000100000 ( 167) Space           .FILL x0020
(30E5) 0030  0000000000110000 ( 168) Row0            .FILL x0030
(30E6) 0031  0000000000110001 ( 169) Row1            .FILL x0031
(30E7) 0032  0000000000110010 ( 170) Row2            .FILL x0032
(30E8) 0033  0000000000110011 ( 171) Row3            .FILL x0033
(30E9) 0000  0000000000000000 ( 173) StoreR7         .FILL x0000
(30EA) 0000  0000000000000000 ( 199) StoreR0         .FILL x0000
(30EB) 3E2C  0011111000101100 ( 200) LOAD_JUNGLE     ST    R7 StoR7
(30EC) 302C  0011000000101100 ( 201)                 ST    R0 StoR0
(30ED) 322C  0011001000101100 ( 202)                 ST    R1 StoR1
(30EE) 342C  0011010000101100 ( 203)                 ST    R2 StoR2
(30EF) 362C  0011011000101100 ( 204)                 ST    R3 StoR3
(30F0) 382C  0011100000101100 ( 205)                 ST    R4 StoR4
(30F1) 3A2C  0011101000101100 ( 206)                 ST    R5 StoR5
(30F2) 3C2C  0011110000101100 ( 207)                 ST    R6 StoR6
(30F3) 6200  0110001000000000 ( 209) Again           LDR   R1 R0 #0
(30F4) 6401  0110010000000001 ( 210)                 LDR   R2 R0 #1
(30F5) 1620  0001011000100000 ( 211)                 ADD   R3 R0 #0
(30F6) 4829  0100100000101001 ( 212)                 JSR   GRID_ADDRESS
(30F7) 68C2  0110100011000010 ( 213)                 LDR   R4 R3 #2
(30F8) 1B20  0001101100100000 ( 214)                 ADD   R5 R4 #0
(30F9) 2C1B  0010110000011011 ( 215)                 LD    R6 Initial
(30FA) 1906  0001100100000110 ( 216)                 ADD   R4 R4 R6
(30FB) 0408  0000010000001000 ( 217)                 BRZ   OutputI
(30FC) 2C1A  0010110000011010 ( 218)                 LD    R6 Home
(30FD) 1946  0001100101000110 ( 219)                 ADD   R4 R5 R6
(30FE) 040A  0000010000001010 ( 220)                 BRZ   CharH
(30FF) 7A00  0111101000000000 ( 222) Back2           STR   R5 R0 #0
(3100) 60C3  0110000011000011 ( 224) Back            LDR   R0 R3 #3
(3101) 1020  0001000000100000 ( 225)                 ADD   R0 R0 #0
(3102) 0409  0000010000001001 ( 226)                 BRZ   End2
(3103) 0BEF  0000101111101111 ( 227)                 BRNP  Again
(3104) 2C11  0010110000010001 ( 230) OutputI         LD    R6 Aster
(3105) 7C00  0111110000000000 ( 231)                 STR   R6 R0 #0
(3106) 337E  0011001101111110 ( 232)                 ST    R1 CURRENT_ROW
(3107) 357E  0011010101111110 ( 233)                 ST    R2 CURRENT_COL
(3108) 0FF7  0000111111110111 ( 234)                 BRNZP Back
(3109) 337D  0011001101111101 ( 237) CharH           ST    R1 HOME_ROW
(310A) 357D  0011010101111101 ( 238)                 ST    R2 HOME_COL
(310B) 0FF3  0000111111110011 ( 239)                 BRNZP Back2
(310C) 2E0B  0010111000001011 ( 242) End2            LD    R7 StoR7
(310D) 200B  0010000000001011 ( 243)                 LD    R0 StoR0
(310E) 220B  0010001000001011 ( 244)                 LD    R1 StoR1
(310F) 240B  0010010000001011 ( 245)                 LD    R2 StoR2
(3110) 260B  0010011000001011 ( 246)                 LD    R3 StoR3
(3111) 280B  0010100000001011 ( 247)                 LD    R4 StoR4
(3112) 2A0B  0010101000001011 ( 248)                 LD    R5 StoR5
(3113) 2C0B  0010110000001011 ( 249)                 LD    R6 StoR6
(3114) C1C0  1100000111000000 ( 251)                 RET   
(3115) FFB7  1111111110110111 ( 253) Initial         .FILL xFFB7
(3116) 002A  0000000000101010 ( 254) Aster           .FILL x002A
(3117) FFB8  1111111110111000 ( 255) Home            .FILL xFFB8
(3118) 0000  0000000000000000 ( 257) StoR7           .FILL x0000
(3119) 0000  0000000000000000 ( 258) StoR0           .FILL x0000
(311A) 0000  0000000000000000 ( 259) StoR1           .FILL x0000
(311B) 0000  0000000000000000 ( 260) StoR2           .FILL x0000
(311C) 0000  0000000000000000 ( 261) StoR3           .FILL x0000
(311D) 0000  0000000000000000 ( 262) StoR4           .FILL x0000
(311E) 0000  0000000000000000 ( 263) StoR5           .FILL x0000
(311F) 0000  0000000000000000 ( 275) StoR6           .FILL x0000
(3120) 3E69  0011111001101001 ( 276) GRID_ADDRESS    ST    R7 StorR7
(3121) 3269  0011001001101001 ( 277)                 ST    R1 StorR1
(3122) 3469  0011010001101001 ( 278)                 ST    R2 StorR2
(3123) 3669  0011011001101001 ( 279)                 ST    R3 StorR3
(3124) 3869  0011100001101001 ( 280)                 ST    R4 StorR4
(3125) 3A69  0011101001101001 ( 281)                 ST    R5 StorR5
(3126) 3C69  0011110001101001 ( 282)                 ST    R6 StorR6
(3127) 1A60  0001101001100000 ( 284)                 ADD   R5 R1 #0
(3128) 0409  0000010000001001 ( 285)                 BRZ   RowZero
(3129) 1A60  0001101001100000 ( 286)                 ADD   R5 R1 #0
(312A) 1B7F  0001101101111111 ( 287)                 ADD   R5 R5 #-1
(312B) 041A  0000010000011010 ( 288)                 BRZ   RowOne
(312C) 1A60  0001101001100000 ( 289)                 ADD   R5 R1 #0
(312D) 1B7E  0001101101111110 ( 290)                 ADD   R5 R5 #-2
(312E) 042B  0000010000101011 ( 291)                 BRZ   RowTwo
(312F) 1A60  0001101001100000 ( 292)                 ADD   R5 R1 #0
(3130) 1B7D  0001101101111101 ( 293)                 ADD   R5 R5 #-3
(3131) 043C  0000010000111100 ( 294)                 BRZ   RowThree
(3132) E102  1110000100000010 ( 296) RowZero         LEA   R0 ROW0
(3133) 18A0  0001100010100000 ( 297)                 ADD   R4 R2 #0
(3134) 0409  0000010000001001 ( 298)                 BRZ   ZeroZero
(3135) 18A0  0001100010100000 ( 299)                 ADD   R4 R2 #0
(3136) 193F  0001100100111111 ( 300)                 ADD   R4 R4 #-1
(3137) 0408  0000010000001000 ( 301)                 BRZ   ZeroOne
(3138) 18A0  0001100010100000 ( 302)                 ADD   R4 R2 #0
(3139) 193E  0001100100111110 ( 303)                 ADD   R4 R4 #-2
(313A) 0407  0000010000000111 ( 304)                 BRZ   ZeroTwo
(313B) 18A0  0001100010100000 ( 305)                 ADD   R4 R2 #0
(313C) 193D  0001100100111101 ( 306)                 ADD   R4 R4 #-3
(313D) 0406  0000010000000110 ( 307)                 BRZ   ZeroThree
(313E) 1021  0001000000100001 ( 309) ZeroZero        ADD   R0 R0 #1
(313F) 0E42  0000111001000010 ( 310)                 BRNZP End
(3140) 1023  0001000000100011 ( 312) ZeroOne         ADD   R0 R0 #3
(3141) 0E40  0000111001000000 ( 313)                 BRNZP End
(3142) 1025  0001000000100101 ( 315) ZeroTwo         ADD   R0 R0 #5
(3143) 0E3E  0000111000111110 ( 316)                 BRNZP End
(3144) 1027  0001000000100111 ( 318) ZeroThree       ADD   R0 R0 #7
(3145) 0E3C  0000111000111100 ( 319)                 BRNZP End
(3146) E102  1110000100000010 ( 322) RowOne          LEA   R0 ROW1
(3147) 18A0  0001100010100000 ( 323)                 ADD   R4 R2 #0
(3148) 0409  0000010000001001 ( 324)                 BRZ   OneZero
(3149) 18A0  0001100010100000 ( 325)                 ADD   R4 R2 #0
(314A) 193F  0001100100111111 ( 326)                 ADD   R4 R4 #-1
(314B) 0408  0000010000001000 ( 327)                 BRZ   OneOne
(314C) 18A0  0001100010100000 ( 328)                 ADD   R4 R2 #0
(314D) 193E  0001100100111110 ( 329)                 ADD   R4 R4 #-2
(314E) 0407  0000010000000111 ( 330)                 BRZ   OneTwo
(314F) 18A0  0001100010100000 ( 331)                 ADD   R4 R2 #0
(3150) 193D  0001100100111101 ( 332)                 ADD   R4 R4 #-3
(3151) 0406  0000010000000110 ( 333)                 BRZ   OneThree
(3152) 1021  0001000000100001 ( 335) OneZero         ADD   R0 R0 #1
(3153) 0E2E  0000111000101110 ( 336)                 BRNZP End
(3154) 1023  0001000000100011 ( 338) OneOne          ADD   R0 R0 #3
(3155) 0E2C  0000111000101100 ( 339)                 BRNZP End
(3156) 1025  0001000000100101 ( 341) OneTwo          ADD   R0 R0 #5
(3157) 0E2A  0000111000101010 ( 342)                 BRNZP End
(3158) 1027  0001000000100111 ( 344) OneThree        ADD   R0 R0 #7
(3159) 0E28  0000111000101000 ( 345)                 BRNZP End
(315A) E102  1110000100000010 ( 347) RowTwo          LEA   R0 ROW2
(315B) 18A0  0001100010100000 ( 348)                 ADD   R4 R2 #0
(315C) 0409  0000010000001001 ( 349)                 BRZ   TwoZero
(315D) 18A0  0001100010100000 ( 350)                 ADD   R4 R2 #0
(315E) 193F  0001100100111111 ( 351)                 ADD   R4 R4 #-1
(315F) 0408  0000010000001000 ( 352)                 BRZ   TwoOne
(3160) 18A0  0001100010100000 ( 353)                 ADD   R4 R2 #0
(3161) 193E  0001100100111110 ( 354)                 ADD   R4 R4 #-2
(3162) 0407  0000010000000111 ( 355)                 BRZ   TwoTwo
(3163) 18A0  0001100010100000 ( 356)                 ADD   R4 R2 #0
(3164) 193D  0001100100111101 ( 357)                 ADD   R4 R4 #-3
(3165) 0406  0000010000000110 ( 358)                 BRZ   TwoThree
(3166) 1021  0001000000100001 ( 360) TwoZero         ADD   R0 R0 #1
(3167) 0E1A  0000111000011010 ( 361)                 BRNZP End
(3168) 1023  0001000000100011 ( 363) TwoOne          ADD   R0 R0 #3
(3169) 0E18  0000111000011000 ( 364)                 BRNZP End
(316A) 1025  0001000000100101 ( 366) TwoTwo          ADD   R0 R0 #5
(316B) 0E16  0000111000010110 ( 367)                 BRNZP End
(316C) 1027  0001000000100111 ( 369) TwoThree        ADD   R0 R0 #7
(316D) 0E14  0000111000010100 ( 370)                 BRNZP End
(316E) E102  1110000100000010 ( 373) RowThree        LEA   R0 ROW3
(316F) 18A0  0001100010100000 ( 374)                 ADD   R4 R2 #0
(3170) 0409  0000010000001001 ( 375)                 BRZ   ThreeZero
(3171) 18A0  0001100010100000 ( 376)                 ADD   R4 R2 #0
(3172) 193F  0001100100111111 ( 377)                 ADD   R4 R4 #-1
(3173) 0408  0000010000001000 ( 378)                 BRZ   ThreeOne
(3174) 18A0  0001100010100000 ( 379)                 ADD   R4 R2 #0
(3175) 193E  0001100100111110 ( 380)                 ADD   R4 R4 #-2
(3176) 0407  0000010000000111 ( 381)                 BRZ   ThreeTwo
(3177) 18A0  0001100010100000 ( 382)                 ADD   R4 R2 #0
(3178) 193D  0001100100111101 ( 383)                 ADD   R4 R4 #-3
(3179) 0406  0000010000000110 ( 384)                 BRZ   ThreeThree
(317A) 1021  0001000000100001 ( 386) ThreeZero       ADD   R0 R0 #1
(317B) 0E06  0000111000000110 ( 387)                 BRNZP End
(317C) 1023  0001000000100011 ( 389) ThreeOne        ADD   R0 R0 #3
(317D) 0E04  0000111000000100 ( 390)                 BRNZP End
(317E) 1025  0001000000100101 ( 392) ThreeTwo        ADD   R0 R0 #5
(317F) 0E02  0000111000000010 ( 393)                 BRNZP End
(3180) 1027  0001000000100111 ( 395) ThreeThree      ADD   R0 R0 #7
(3181) 0E00  0000111000000000 ( 396)                 BRNZP End
(3182) 2E07  0010111000000111 ( 399) End             LD    R7 StorR7
(3183) 2207  0010001000000111 ( 400)                 LD    R1 StorR1
(3184) 2407  0010010000000111 ( 401)                 LD    R2 StorR2
(3185) 2607  0010011000000111 ( 402)                 LD    R3 StorR3
(3186) 2807  0010100000000111 ( 403)                 LD    R4 StorR4
(3187) 2A07  0010101000000111 ( 404)                 LD    R5 StorR5
(3188) 2C07  0010110000000111 ( 405)                 LD    R6 StorR6
(3189) C1C0  1100000111000000 ( 407)                 RET   
(318A) 0000  0000000000000000 ( 410) StorR7          .FILL x0000
(318B) 0000  0000000000000000 ( 411) StorR1          .FILL x0000
(318C) 0000  0000000000000000 ( 412) StorR2          .FILL x0000
(318D) 0000  0000000000000000 ( 413) StorR3          .FILL x0000
(318E) 0000  0000000000000000 ( 414) StorR4          .FILL x0000
(318F) 0000  0000000000000000 ( 415) StorR5          .FILL x0000
(3190) 0000  0000000000000000 ( 417) StorR6          .FILL x0000
