(0000) 3000  0011000000000000 (  14)                 .ORIG x3000
(3000) 4901  0100100100000001 (  19)                 JSR   DISPLAY_JUNGLE
(3001) E02B  1110000000101011 (  20)                 LEA   R0 JUNGLE_INITIAL
(3002) F022  1111000000100010 (  21)                 TRAP  x22
(3003) A09D  1010000010011101 (  22)                 LDI   R0 BLOCKS
(3004) 4967  0100100101100111 (  23)                 JSR   LOAD_JUNGLE
(3005) 48FC  0100100011111100 (  24)                 JSR   DISPLAY_JUNGLE
(3006) E016  1110000000010110 (  25)                 LEA   R0 JUNGLE_LOADED
(3007) F022  1111000000100010 (  26)                 TRAP  x22
(3008) E036  1110000000110110 (  28) GAMEON          LEA   R0 PROMPT
(3009) F022  1111000000100010 (  29)                 TRAP  x22
(300A) F020  1111000000100000 (  30)                 TRAP  x20
(300B) F021  1111000000100001 (  31)                 TRAP  x21
(300C) 2631  0010011000110001 (  32)                 LD    R3 ASCII_Q_COMPLEMENT
(300D) 1603  0001011000000011 (  33)                 ADD   R3 R0 R3
(300E) 040B  0000010000001011 (  34)                 BRZ   EXIT
(300F) 4A5E  0100101001011110 (  36)                 JSR   IS_INPUT_VALID
(3010) 14A0  0001010010100000 (  37)                 ADD   R2 R2 #0
(3011) 0403  0000010000000011 (  38)                 BRZ   VALID_INPUT
(3012) E05B  1110000001011011 (  39)                 LEA   R0 INVALID_MOVE_STRING
(3013) F022  1111000000100010 (  40)                 TRAP  x22
(3014) 0FF3  0000111111110011 (  41)                 BRNZP GAMEON
(3015) 4A77  0100101001110111 (  43) VALID_INPUT     JSR   APPLY_MOVE
(3016) 48EB  0100100011101011 (  44)                 JSR   DISPLAY_JUNGLE
(3017) 4AE1  0100101011100001 (  45)                 JSR   IS_GAME_OVER
(3018) 14A0  0001010010100000 (  46)                 ADD   R2 R2 #0
(3019) 0BEE  0000101111101110 (  47)                 BRNP  GAMEON
(301A) E06A  1110000001101010 (  49) EXIT            LEA   R0 GOODBYE_STRING
(301B) F022  1111000000100010 (  50)                 TRAP  x22
(301C) F025  1111000000100101 (  51)                 TRAP  x25
(301D) 000A  0000000000001010 (  52) JUNGLE_LOADED   .FILL x000A
(301E) 004A  0000000001001010 (  52)                 .FILL x004A
(301F) 0075  0000000001110101 (  52)                 .FILL x0075
(3020) 006E  0000000001101110 (  52)                 .FILL x006E
(3021) 0067  0000000001100111 (  52)                 .FILL x0067
(3022) 006C  0000000001101100 (  52)                 .FILL x006C
(3023) 0065  0000000001100101 (  52)                 .FILL x0065
(3024) 0020  0000000000100000 (  52)                 .FILL x0020
(3025) 004C  0000000001001100 (  52)                 .FILL x004C
(3026) 006F  0000000001101111 (  52)                 .FILL x006F
(3027) 0061  0000000001100001 (  52)                 .FILL x0061
(3028) 0064  0000000001100100 (  52)                 .FILL x0064
(3029) 0065  0000000001100101 (  52)                 .FILL x0065
(302A) 0064  0000000001100100 (  52)                 .FILL x0064
(302B) 000A  0000000000001010 (  52)                 .FILL x000A
(302C) 0000  0000000000000000 (  52)                 .FILL x0000
(302D) 000A  0000000000001010 (  53) JUNGLE_INITIAL  .FILL x000A
(302E) 004A  0000000001001010 (  53)                 .FILL x004A
(302F) 0075  0000000001110101 (  53)                 .FILL x0075
(3030) 006E  0000000001101110 (  53)                 .FILL x006E
(3031) 0067  0000000001100111 (  53)                 .FILL x0067
(3032) 006C  0000000001101100 (  53)                 .FILL x006C
(3033) 0065  0000000001100101 (  53)                 .FILL x0065
(3034) 0020  0000000000100000 (  53)                 .FILL x0020
(3035) 0049  0000000001001001 (  53)                 .FILL x0049
(3036) 006E  0000000001101110 (  53)                 .FILL x006E
(3037) 0069  0000000001101001 (  53)                 .FILL x0069
(3038) 0074  0000000001110100 (  53)                 .FILL x0074
(3039) 0069  0000000001101001 (  53)                 .FILL x0069
(303A) 0061  0000000001100001 (  53)                 .FILL x0061
(303B) 006C  0000000001101100 (  53)                 .FILL x006C
(303C) 000A  0000000000001010 (  53)                 .FILL x000A
(303D) 0000  0000000000000000 (  53)                 .FILL x0000
(303E) FF8F  1111111110001111 (  54) ASCII_Q_COMPLEMENT .FILL xFF8F
(303F) 000A  0000000000001010 (  55) PROMPT          .FILL x000A
(3040) 0045  0000000001000101 (  55)                 .FILL x0045
(3041) 006E  0000000001101110 (  55)                 .FILL x006E
(3042) 0074  0000000001110100 (  55)                 .FILL x0074
(3043) 0065  0000000001100101 (  55)                 .FILL x0065
(3044) 0072  0000000001110010 (  55)                 .FILL x0072
(3045) 0020  0000000000100000 (  55)                 .FILL x0020
(3046) 004D  0000000001001101 (  55)                 .FILL x004D
(3047) 006F  0000000001101111 (  55)                 .FILL x006F
(3048) 0076  0000000001110110 (  55)                 .FILL x0076
(3049) 0065  0000000001100101 (  55)                 .FILL x0065
(304A) 0020  0000000000100000 (  55)                 .FILL x0020
(304B) 0028  0000000000101000 (  55)                 .FILL x0028
(304C) 0075  0000000001110101 (  55)                 .FILL x0075
(304D) 0070  0000000001110000 (  55)                 .FILL x0070
(304E) 0028  0000000000101000 (  55)                 .FILL x0028
(304F) 0069  0000000001101001 (  55)                 .FILL x0069
(3050) 0029  0000000000101001 (  55)                 .FILL x0029
(3051) 0020  0000000000100000 (  55)                 .FILL x0020
(3052) 006C  0000000001101100 (  55)                 .FILL x006C
(3053) 0065  0000000001100101 (  55)                 .FILL x0065
(3054) 0066  0000000001100110 (  55)                 .FILL x0066
(3055) 0074  0000000001110100 (  55)                 .FILL x0074
(3056) 0028  0000000000101000 (  55)                 .FILL x0028
(3057) 006A  0000000001101010 (  55)                 .FILL x006A
(3058) 0029  0000000000101001 (  55)                 .FILL x0029
(3059) 002C  0000000000101100 (  55)                 .FILL x002C
(305A) 0064  0000000001100100 (  55)                 .FILL x0064
(305B) 006F  0000000001101111 (  55)                 .FILL x006F
(305C) 0077  0000000001110111 (  55)                 .FILL x0077
(305D) 006E  0000000001101110 (  55)                 .FILL x006E
(305E) 0028  0000000000101000 (  55)                 .FILL x0028
(305F) 006B  0000000001101011 (  55)                 .FILL x006B
(3060) 0029  0000000000101001 (  55)                 .FILL x0029
(3061) 002C  0000000000101100 (  55)                 .FILL x002C
(3062) 0072  0000000001110010 (  55)                 .FILL x0072
(3063) 0069  0000000001101001 (  55)                 .FILL x0069
(3064) 0067  0000000001100111 (  55)                 .FILL x0067
(3065) 0068  0000000001101000 (  55)                 .FILL x0068
(3066) 0074  0000000001110100 (  55)                 .FILL x0074
(3067) 0028  0000000000101000 (  55)                 .FILL x0028
(3068) 006C  0000000001101100 (  55)                 .FILL x006C
(3069) 0029  0000000000101001 (  55)                 .FILL x0029
(306A) 0029  0000000000101001 (  55)                 .FILL x0029
(306B) 003A  0000000000111010 (  55)                 .FILL x003A
(306C) 0020  0000000000100000 (  55)                 .FILL x0020
(306D) 0000  0000000000000000 (  55)                 .FILL x0000
(306E) 000A  0000000000001010 (  56) INVALID_MOVE_STRING .FILL x000A
(306F) 0049  0000000001001001 (  56)                 .FILL x0049
(3070) 006E  0000000001101110 (  56)                 .FILL x006E
(3071) 0076  0000000001110110 (  56)                 .FILL x0076
(3072) 0061  0000000001100001 (  56)                 .FILL x0061
(3073) 006C  0000000001101100 (  56)                 .FILL x006C
(3074) 0069  0000000001101001 (  56)                 .FILL x0069
(3075) 0064  0000000001100100 (  56)                 .FILL x0064
(3076) 0020  0000000000100000 (  56)                 .FILL x0020
(3077) 0049  0000000001001001 (  56)                 .FILL x0049
(3078) 006E  0000000001101110 (  56)                 .FILL x006E
(3079) 0070  0000000001110000 (  56)                 .FILL x0070
(307A) 0075  0000000001110101 (  56)                 .FILL x0075
(307B) 0074  0000000001110100 (  56)                 .FILL x0074
(307C) 0020  0000000000100000 (  56)                 .FILL x0020
(307D) 0028  0000000000101000 (  56)                 .FILL x0028
(307E) 0069  0000000001101001 (  56)                 .FILL x0069
(307F) 006A  0000000001101010 (  56)                 .FILL x006A
(3080) 006B  0000000001101011 (  56)                 .FILL x006B
(3081) 006C  0000000001101100 (  56)                 .FILL x006C
(3082) 0029  0000000000101001 (  56)                 .FILL x0029
(3083) 000A  0000000000001010 (  56)                 .FILL x000A
(3084) 0000  0000000000000000 (  56)                 .FILL x0000
(3085) 000A  0000000000001010 (  57) GOODBYE_STRING  .FILL x000A
(3086) 0059  0000000001011001 (  57)                 .FILL x0059
(3087) 006F  0000000001101111 (  57)                 .FILL x006F
(3088) 0075  0000000001110101 (  57)                 .FILL x0075
(3089) 0020  0000000000100000 (  57)                 .FILL x0020
(308A) 0053  0000000001010011 (  57)                 .FILL x0053
(308B) 0061  0000000001100001 (  57)                 .FILL x0061
(308C) 0076  0000000001110110 (  57)                 .FILL x0076
(308D) 0065  0000000001100101 (  57)                 .FILL x0065
(308E) 0064  0000000001100100 (  57)                 .FILL x0064
(308F) 0020  0000000000100000 (  57)                 .FILL x0020
(3090) 0053  0000000001010011 (  57)                 .FILL x0053
(3091) 0069  0000000001101001 (  57)                 .FILL x0069
(3092) 006D  0000000001101101 (  57)                 .FILL x006D
(3093) 0062  0000000001100010 (  57)                 .FILL x0062
(3094) 0061  0000000001100001 (  57)                 .FILL x0061
(3095) 0020  0000000000100000 (  57)                 .FILL x0020
(3096) 0021  0000000000100001 (  57)                 .FILL x0021
(3097) 0047  0000000001000111 (  57)                 .FILL x0047
(3098) 006F  0000000001101111 (  57)                 .FILL x006F
(3099) 006F  0000000001101111 (  57)                 .FILL x006F
(309A) 0064  0000000001100100 (  57)                 .FILL x0064
(309B) 0062  0000000001100010 (  57)                 .FILL x0062
(309C) 0079  0000000001111001 (  57)                 .FILL x0079
(309D) 0065  0000000001100101 (  57)                 .FILL x0065
(309E) 0021  0000000000100001 (  57)                 .FILL x0021
(309F) 000A  0000000000001010 (  57)                 .FILL x000A
(30A0) 0000  0000000000000000 (  57)                 .FILL x0000
(30A1) 5000  0101000000000000 (  58) BLOCKS          .FILL x5000
(30A2) 0030  0000000000110000 (  64) ASCII_OFFSET    .FILL x0030
(30A3) 000A  0000000000001010 (  65) ASCII_NEWLINE   .FILL x000A
(30A4) 002B  0000000000101011 (  70) GRID            .FILL x002B
(30A5) 002D  0000000000101101 (  70)                 .FILL x002D
(30A6) 002B  0000000000101011 (  70)                 .FILL x002B
(30A7) 002D  0000000000101101 (  70)                 .FILL x002D
(30A8) 002B  0000000000101011 (  70)                 .FILL x002B
(30A9) 002D  0000000000101101 (  70)                 .FILL x002D
(30AA) 002B  0000000000101011 (  70)                 .FILL x002B
(30AB) 002D  0000000000101101 (  70)                 .FILL x002D
(30AC) 002B  0000000000101011 (  70)                 .FILL x002B
(30AD) 0000  0000000000000000 (  70)                 .FILL x0000
(30AE) 007C  0000000001111100 (  71) ROW0            .FILL x007C
(30AF) 0020  0000000000100000 (  71)                 .FILL x0020
(30B0) 007C  0000000001111100 (  71)                 .FILL x007C
(30B1) 0020  0000000000100000 (  71)                 .FILL x0020
(30B2) 007C  0000000001111100 (  71)                 .FILL x007C
(30B3) 0020  0000000000100000 (  71)                 .FILL x0020
(30B4) 007C  0000000001111100 (  71)                 .FILL x007C
(30B5) 0020  0000000000100000 (  71)                 .FILL x0020
(30B6) 007C  0000000001111100 (  71)                 .FILL x007C
(30B7) 0000  0000000000000000 (  71)                 .FILL x0000
(30B8) 002B  0000000000101011 (  72)                 .FILL x002B
(30B9) 002D  0000000000101101 (  72)                 .FILL x002D
(30BA) 002B  0000000000101011 (  72)                 .FILL x002B
(30BB) 002D  0000000000101101 (  72)                 .FILL x002D
(30BC) 002B  0000000000101011 (  72)                 .FILL x002B
(30BD) 002D  0000000000101101 (  72)                 .FILL x002D
(30BE) 002B  0000000000101011 (  72)                 .FILL x002B
(30BF) 002D  0000000000101101 (  72)                 .FILL x002D
(30C0) 002B  0000000000101011 (  72)                 .FILL x002B
(30C1) 0000  0000000000000000 (  72)                 .FILL x0000
(30C2) 007C  0000000001111100 (  73) ROW1            .FILL x007C
(30C3) 0020  0000000000100000 (  73)                 .FILL x0020
(30C4) 007C  0000000001111100 (  73)                 .FILL x007C
(30C5) 0020  0000000000100000 (  73)                 .FILL x0020
(30C6) 007C  0000000001111100 (  73)                 .FILL x007C
(30C7) 0020  0000000000100000 (  73)                 .FILL x0020
(30C8) 007C  0000000001111100 (  73)                 .FILL x007C
(30C9) 0020  0000000000100000 (  73)                 .FILL x0020
(30CA) 007C  0000000001111100 (  73)                 .FILL x007C
(30CB) 0000  0000000000000000 (  73)                 .FILL x0000
(30CC) 002B  0000000000101011 (  74)                 .FILL x002B
(30CD) 002D  0000000000101101 (  74)                 .FILL x002D
(30CE) 002B  0000000000101011 (  74)                 .FILL x002B
(30CF) 002D  0000000000101101 (  74)                 .FILL x002D
(30D0) 002B  0000000000101011 (  74)                 .FILL x002B
(30D1) 002D  0000000000101101 (  74)                 .FILL x002D
(30D2) 002B  0000000000101011 (  74)                 .FILL x002B
(30D3) 002D  0000000000101101 (  74)                 .FILL x002D
(30D4) 002B  0000000000101011 (  74)                 .FILL x002B
(30D5) 0000  0000000000000000 (  74)                 .FILL x0000
(30D6) 007C  0000000001111100 (  75) ROW2            .FILL x007C
(30D7) 0020  0000000000100000 (  75)                 .FILL x0020
(30D8) 007C  0000000001111100 (  75)                 .FILL x007C
(30D9) 0020  0000000000100000 (  75)                 .FILL x0020
(30DA) 007C  0000000001111100 (  75)                 .FILL x007C
(30DB) 0020  0000000000100000 (  75)                 .FILL x0020
(30DC) 007C  0000000001111100 (  75)                 .FILL x007C
(30DD) 0020  0000000000100000 (  75)                 .FILL x0020
(30DE) 007C  0000000001111100 (  75)                 .FILL x007C
(30DF) 0000  0000000000000000 (  75)                 .FILL x0000
(30E0) 002B  0000000000101011 (  76)                 .FILL x002B
(30E1) 002D  0000000000101101 (  76)                 .FILL x002D
(30E2) 002B  0000000000101011 (  76)                 .FILL x002B
(30E3) 002D  0000000000101101 (  76)                 .FILL x002D
(30E4) 002B  0000000000101011 (  76)                 .FILL x002B
(30E5) 002D  0000000000101101 (  76)                 .FILL x002D
(30E6) 002B  0000000000101011 (  76)                 .FILL x002B
(30E7) 002D  0000000000101101 (  76)                 .FILL x002D
(30E8) 002B  0000000000101011 (  76)                 .FILL x002B
(30E9) 0000  0000000000000000 (  76)                 .FILL x0000
(30EA) 007C  0000000001111100 (  77) ROW3            .FILL x007C
(30EB) 0020  0000000000100000 (  77)                 .FILL x0020
(30EC) 007C  0000000001111100 (  77)                 .FILL x007C
(30ED) 0020  0000000000100000 (  77)                 .FILL x0020
(30EE) 007C  0000000001111100 (  77)                 .FILL x007C
(30EF) 0020  0000000000100000 (  77)                 .FILL x0020
(30F0) 007C  0000000001111100 (  77)                 .FILL x007C
(30F1) 0020  0000000000100000 (  77)                 .FILL x0020
(30F2) 007C  0000000001111100 (  77)                 .FILL x007C
(30F3) 0000  0000000000000000 (  77)                 .FILL x0000
(30F4) 002B  0000000000101011 (  78)                 .FILL x002B
(30F5) 002D  0000000000101101 (  78)                 .FILL x002D
(30F6) 002B  0000000000101011 (  78)                 .FILL x002B
(30F7) 002D  0000000000101101 (  78)                 .FILL x002D
(30F8) 002B  0000000000101011 (  78)                 .FILL x002B
(30F9) 002D  0000000000101101 (  78)                 .FILL x002D
(30FA) 002B  0000000000101011 (  78)                 .FILL x002B
(30FB) 002D  0000000000101101 (  78)                 .FILL x002D
(30FC) 002B  0000000000101011 (  78)                 .FILL x002B
(30FD) 0000  0000000000000000 (  78)                 .FILL x0000
(30FE) 0000  0000000000000000 (  84) CURRENT_ROW     .FILL x0000
(30FF) 0000  0000000000000000 (  85) CURRENT_COL     .FILL x0000
(3100) 0000  0000000000000000 (  86) HOME_ROW        .FILL x0000
(3101) 0000  0000000000000000 ( 114) HOME_COL        .FILL x0000
(3102) 3E63  0011111001100011 ( 115) DISPLAY_JUNGLE  ST    R7 StoreR7
(3103) 3063  0011000001100011 ( 116)                 ST    R0 StoreR0
(3104) 205B  0010000001011011 ( 118)                 LD    R0 Enter
(3105) F021  1111000000100001 ( 119)                 TRAP  x21
(3106) E04D  1110000001001101 ( 120)                 LEA   R0 TopStr
(3107) F022  1111000000100010 ( 121)                 TRAP  x22
(3108) 2057  0010000001010111 ( 122)                 LD    R0 Enter
(3109) F021  1111000000100001 ( 123)                 TRAP  x21
(310A) 2056  0010000001010110 ( 124)                 LD    R0 Space
(310B) F021  1111000000100001 ( 125)                 TRAP  x21
(310C) F021  1111000000100001 ( 126)                 TRAP  x21
(310D) E196  1110000110010110 ( 127)                 LEA   R0 GRID
(310E) F022  1111000000100010 ( 128)                 TRAP  x22
(310F) 2050  0010000001010000 ( 129)                 LD    R0 Enter
(3110) F021  1111000000100001 ( 130)                 TRAP  x21
(3111) 2050  0010000001010000 ( 131)                 LD    R0 Row0
(3112) F021  1111000000100001 ( 132)                 TRAP  x21
(3113) 204D  0010000001001101 ( 133)                 LD    R0 Space
(3114) F021  1111000000100001 ( 134)                 TRAP  x21
(3115) E198  1110000110011000 ( 135)                 LEA   R0 ROW0
(3116) F022  1111000000100010 ( 136)                 TRAP  x22
(3117) 2048  0010000001001000 ( 137)                 LD    R0 Enter
(3118) F021  1111000000100001 ( 138)                 TRAP  x21
(3119) 2047  0010000001000111 ( 139)                 LD    R0 Space
(311A) F021  1111000000100001 ( 140)                 TRAP  x21
(311B) F021  1111000000100001 ( 141)                 TRAP  x21
(311C) E191  1110000110010001 ( 142)                 LEA   R0 ROW0
(311D) 102A  0001000000101010 ( 143)                 ADD   R0 R0 #10
(311E) F022  1111000000100010 ( 144)                 TRAP  x22
(311F) 2040  0010000001000000 ( 145)                 LD    R0 Enter
(3120) F021  1111000000100001 ( 146)                 TRAP  x21
(3121) 2041  0010000001000001 ( 147)                 LD    R0 Row1
(3122) F021  1111000000100001 ( 148)                 TRAP  x21
(3123) 203D  0010000000111101 ( 149)                 LD    R0 Space
(3124) F021  1111000000100001 ( 150)                 TRAP  x21
(3125) E19C  1110000110011100 ( 151)                 LEA   R0 ROW1
(3126) F022  1111000000100010 ( 152)                 TRAP  x22
(3127) 2038  0010000000111000 ( 153)                 LD    R0 Enter
(3128) F021  1111000000100001 ( 154)                 TRAP  x21
(3129) 2037  0010000000110111 ( 155)                 LD    R0 Space
(312A) F021  1111000000100001 ( 156)                 TRAP  x21
(312B) F021  1111000000100001 ( 157)                 TRAP  x21
(312C) E195  1110000110010101 ( 158)                 LEA   R0 ROW1
(312D) 102A  0001000000101010 ( 159)                 ADD   R0 R0 #10
(312E) F022  1111000000100010 ( 160)                 TRAP  x22
(312F) 2030  0010000000110000 ( 161)                 LD    R0 Enter
(3130) F021  1111000000100001 ( 162)                 TRAP  x21
(3131) 2032  0010000000110010 ( 163)                 LD    R0 Row2
(3132) F021  1111000000100001 ( 164)                 TRAP  x21
(3133) 202D  0010000000101101 ( 165)                 LD    R0 Space
(3134) F021  1111000000100001 ( 166)                 TRAP  x21
(3135) E1A0  1110000110100000 ( 167)                 LEA   R0 ROW2
(3136) F022  1111000000100010 ( 168)                 TRAP  x22
(3137) 2028  0010000000101000 ( 169)                 LD    R0 Enter
(3138) F021  1111000000100001 ( 170)                 TRAP  x21
(3139) 2027  0010000000100111 ( 171)                 LD    R0 Space
(313A) F021  1111000000100001 ( 172)                 TRAP  x21
(313B) F021  1111000000100001 ( 173)                 TRAP  x21
(313C) E199  1110000110011001 ( 174)                 LEA   R0 ROW2
(313D) 102A  0001000000101010 ( 175)                 ADD   R0 R0 #10
(313E) F022  1111000000100010 ( 176)                 TRAP  x22
(313F) 2020  0010000000100000 ( 177)                 LD    R0 Enter
(3140) F021  1111000000100001 ( 178)                 TRAP  x21
(3141) 2023  0010000000100011 ( 179)                 LD    R0 Row3
(3142) F021  1111000000100001 ( 180)                 TRAP  x21
(3143) 201D  0010000000011101 ( 181)                 LD    R0 Space
(3144) F021  1111000000100001 ( 182)                 TRAP  x21
(3145) E1A4  1110000110100100 ( 183)                 LEA   R0 ROW3
(3146) F022  1111000000100010 ( 184)                 TRAP  x22
(3147) 2018  0010000000011000 ( 185)                 LD    R0 Enter
(3148) F021  1111000000100001 ( 186)                 TRAP  x21
(3149) 2017  0010000000010111 ( 187)                 LD    R0 Space
(314A) F021  1111000000100001 ( 188)                 TRAP  x21
(314B) F021  1111000000100001 ( 189)                 TRAP  x21
(314C) E19D  1110000110011101 ( 190)                 LEA   R0 ROW3
(314D) 102A  0001000000101010 ( 191)                 ADD   R0 R0 #10
(314E) F022  1111000000100010 ( 192)                 TRAP  x22
(314F) 2010  0010000000010000 ( 193)                 LD    R0 Enter
(3150) F021  1111000000100001 ( 194)                 TRAP  x21
(3151) 2E14  0010111000010100 ( 196)                 LD    R7 StoreR7
(3152) 2014  0010000000010100 ( 197)                 LD    R0 StoreR0
(3153) C1C0  1100000111000000 ( 199)                 RET   
(3154) 0020  0000000000100000 ( 201) TopStr          .FILL x0020
(3155) 0020  0000000000100000 ( 201)                 .FILL x0020
(3156) 0020  0000000000100000 ( 201)                 .FILL x0020
(3157) 0030  0000000000110000 ( 201)                 .FILL x0030
(3158) 0020  0000000000100000 ( 201)                 .FILL x0020
(3159) 0031  0000000000110001 ( 201)                 .FILL x0031
(315A) 0020  0000000000100000 ( 201)                 .FILL x0020
(315B) 0032  0000000000110010 ( 201)                 .FILL x0032
(315C) 0020  0000000000100000 ( 201)                 .FILL x0020
(315D) 0033  0000000000110011 ( 201)                 .FILL x0033
(315E) 0020  0000000000100000 ( 201)                 .FILL x0020
(315F) 0000  0000000000000000 ( 201)                 .FILL x0000
(3160) 000A  0000000000001010 ( 202) Enter           .FILL x000A
(3161) 0020  0000000000100000 ( 203) Space           .FILL x0020
(3162) 0030  0000000000110000 ( 204) Row0            .FILL x0030
(3163) 0031  0000000000110001 ( 205) Row1            .FILL x0031
(3164) 0032  0000000000110010 ( 206) Row2            .FILL x0032
(3165) 0033  0000000000110011 ( 207) Row3            .FILL x0033
(3166) 0000  0000000000000000 ( 209) StoreR7         .FILL x0000
(3167) 0000  0000000000000000 ( 210) StoreR0         .FILL x0000
(3168) 30AE  0011000010101110 ( 210) FARR0           .FILL x30AE
(3169) 30C2  0011000011000010 ( 211) FARR1           .FILL x30C2
(316A) 30D6  0011000011010110 ( 212) FARR2           .FILL x30D6
(316B) 30EA  0011000011101010 ( 213) FARR3           .FILL x30EA
(316C) 3E2C  0011111000101100 ( 240) LOAD_JUNGLE     ST    R7 StoR7
(316D) 302C  0011000000101100 ( 241)                 ST    R0 StoR0
(316E) 322C  0011001000101100 ( 242)                 ST    R1 StoR1
(316F) 342C  0011010000101100 ( 243)                 ST    R2 StoR2
(3170) 362C  0011011000101100 ( 244)                 ST    R3 StoR3
(3171) 382C  0011100000101100 ( 245)                 ST    R4 StoR4
(3172) 3A2C  0011101000101100 ( 246)                 ST    R5 StoR5
(3173) 3C2C  0011110000101100 ( 247)                 ST    R6 StoR6
(3174) 6200  0110001000000000 ( 249) Again           LDR   R1 R0 #0
(3175) 6401  0110010000000001 ( 250)                 LDR   R2 R0 #1
(3176) 1620  0001011000100000 ( 251)                 ADD   R3 R0 #0
(3177) 4829  0100100000101001 ( 252)                 JSR   GRID_ADDRESS
(3178) 68C2  0110100011000010 ( 253)                 LDR   R4 R3 #2
(3179) 1B20  0001101100100000 ( 254)                 ADD   R5 R4 #0
(317A) 2C1B  0010110000011011 ( 255)                 LD    R6 Initial
(317B) 1906  0001100100000110 ( 256)                 ADD   R4 R4 R6
(317C) 0408  0000010000001000 ( 257)                 BRZ   OutputI
(317D) 2C1A  0010110000011010 ( 258)                 LD    R6 Home
(317E) 1946  0001100101000110 ( 259)                 ADD   R4 R5 R6
(317F) 040A  0000010000001010 ( 260)                 BRZ   CharH
(3180) 7A00  0111101000000000 ( 262) Back2           STR   R5 R0 #0
(3181) 60C3  0110000011000011 ( 264) Back            LDR   R0 R3 #3
(3182) 1020  0001000000100000 ( 265)                 ADD   R0 R0 #0
(3183) 0409  0000010000001001 ( 266)                 BRZ   End2
(3184) 0BEF  0000101111101111 ( 267)                 BRNP  Again
(3185) 2C11  0010110000010001 ( 270) OutputI         LD    R6 Aster
(3186) 7C00  0111110000000000 ( 271)                 STR   R6 R0 #0
(3187) 3376  0011001101110110 ( 272)                 ST    R1 CURRENT_ROW
(3188) 3576  0011010101110110 ( 273)                 ST    R2 CURRENT_COL
(3189) 0FF7  0000111111110111 ( 274)                 BRNZP Back
(318A) 3375  0011001101110101 ( 277) CharH           ST    R1 HOME_ROW
(318B) 3575  0011010101110101 ( 278)                 ST    R2 HOME_COL
(318C) 0FF3  0000111111110011 ( 279)                 BRNZP Back2
(318D) 2E0B  0010111000001011 ( 282) End2            LD    R7 StoR7
(318E) 200B  0010000000001011 ( 283)                 LD    R0 StoR0
(318F) 220B  0010001000001011 ( 284)                 LD    R1 StoR1
(3190) 240B  0010010000001011 ( 285)                 LD    R2 StoR2
(3191) 260B  0010011000001011 ( 286)                 LD    R3 StoR3
(3192) 280B  0010100000001011 ( 287)                 LD    R4 StoR4
(3193) 2A0B  0010101000001011 ( 288)                 LD    R5 StoR5
(3194) 2C0B  0010110000001011 ( 289)                 LD    R6 StoR6
(3195) C1C0  1100000111000000 ( 291)                 RET   
(3196) FFB7  1111111110110111 ( 293) Initial         .FILL xFFB7
(3197) 002A  0000000000101010 ( 294) Aster           .FILL x002A
(3198) FFB8  1111111110111000 ( 295) Home            .FILL xFFB8
(3199) 0000  0000000000000000 ( 297) StoR7           .FILL x0000
(319A) 0000  0000000000000000 ( 298) StoR0           .FILL x0000
(319B) 0000  0000000000000000 ( 299) StoR1           .FILL x0000
(319C) 0000  0000000000000000 ( 300) StoR2           .FILL x0000
(319D) 0000  0000000000000000 ( 301) StoR3           .FILL x0000
(319E) 0000  0000000000000000 ( 302) StoR4           .FILL x0000
(319F) 0000  0000000000000000 ( 303) StoR5           .FILL x0000
(31A0) 0000  0000000000000000 ( 314) StoR6           .FILL x0000
(31A1) 3E69  0011111001101001 ( 315) GRID_ADDRESS    ST    R7 StorR7
(31A2) 3269  0011001001101001 ( 316)                 ST    R1 StorR1
(31A3) 3469  0011010001101001 ( 317)                 ST    R2 StorR2
(31A4) 3669  0011011001101001 ( 318)                 ST    R3 StorR3
(31A5) 3869  0011100001101001 ( 319)                 ST    R4 StorR4
(31A6) 3A69  0011101001101001 ( 320)                 ST    R5 StorR5
(31A7) 3C69  0011110001101001 ( 321)                 ST    R6 StorR6
(31A8) 1A60  0001101001100000 ( 323)                 ADD   R5 R1 #0
(31A9) 0409  0000010000001001 ( 324)                 BRZ   RowZero
(31AA) 1A60  0001101001100000 ( 325)                 ADD   R5 R1 #0
(31AB) 1B7F  0001101101111111 ( 326)                 ADD   R5 R5 #-1
(31AC) 041A  0000010000011010 ( 327)                 BRZ   RowOne
(31AD) 1A60  0001101001100000 ( 328)                 ADD   R5 R1 #0
(31AE) 1B7E  0001101101111110 ( 329)                 ADD   R5 R5 #-2
(31AF) 042B  0000010000101011 ( 330)                 BRZ   RowTwo
(31B0) 1A60  0001101001100000 ( 331)                 ADD   R5 R1 #0
(31B1) 1B7D  0001101101111101 ( 332)                 ADD   R5 R5 #-3
(31B2) 043C  0000010000111100 ( 333)                 BRZ   RowThree
(31B3) 21B4  0010000110110100 ( 335) RowZero         LD    R0 FARR0
(31B4) 18A0  0001100010100000 ( 336)                 ADD   R4 R2 #0
(31B5) 0409  0000010000001001 ( 337)                 BRZ   ZeroZero
(31B6) 18A0  0001100010100000 ( 338)                 ADD   R4 R2 #0
(31B7) 193F  0001100100111111 ( 339)                 ADD   R4 R4 #-1
(31B8) 0408  0000010000001000 ( 340)                 BRZ   ZeroOne
(31B9) 18A0  0001100010100000 ( 341)                 ADD   R4 R2 #0
(31BA) 193E  0001100100111110 ( 342)                 ADD   R4 R4 #-2
(31BB) 0407  0000010000000111 ( 343)                 BRZ   ZeroTwo
(31BC) 18A0  0001100010100000 ( 344)                 ADD   R4 R2 #0
(31BD) 193D  0001100100111101 ( 345)                 ADD   R4 R4 #-3
(31BE) 0406  0000010000000110 ( 346)                 BRZ   ZeroThree
(31BF) 1021  0001000000100001 ( 348) ZeroZero        ADD   R0 R0 #1
(31C0) 0E42  0000111001000010 ( 349)                 BRNZP End
(31C1) 1023  0001000000100011 ( 351) ZeroOne         ADD   R0 R0 #3
(31C2) 0E40  0000111001000000 ( 352)                 BRNZP End
(31C3) 1025  0001000000100101 ( 354) ZeroTwo         ADD   R0 R0 #5
(31C4) 0E3E  0000111000111110 ( 355)                 BRNZP End
(31C5) 1027  0001000000100111 ( 357) ZeroThree       ADD   R0 R0 #7
(31C6) 0E3C  0000111000111100 ( 358)                 BRNZP End
(31C7) 21A1  0010000110100001 ( 361) RowOne          LD    R0 FARR1
(31C8) 18A0  0001100010100000 ( 362)                 ADD   R4 R2 #0
(31C9) 0409  0000010000001001 ( 363)                 BRZ   OneZero
(31CA) 18A0  0001100010100000 ( 364)                 ADD   R4 R2 #0
(31CB) 193F  0001100100111111 ( 365)                 ADD   R4 R4 #-1
(31CC) 0408  0000010000001000 ( 366)                 BRZ   OneOne
(31CD) 18A0  0001100010100000 ( 367)                 ADD   R4 R2 #0
(31CE) 193E  0001100100111110 ( 368)                 ADD   R4 R4 #-2
(31CF) 0407  0000010000000111 ( 369)                 BRZ   OneTwo
(31D0) 18A0  0001100010100000 ( 370)                 ADD   R4 R2 #0
(31D1) 193D  0001100100111101 ( 371)                 ADD   R4 R4 #-3
(31D2) 0406  0000010000000110 ( 372)                 BRZ   OneThree
(31D3) 1021  0001000000100001 ( 374) OneZero         ADD   R0 R0 #1
(31D4) 0E2E  0000111000101110 ( 375)                 BRNZP End
(31D5) 1023  0001000000100011 ( 377) OneOne          ADD   R0 R0 #3
(31D6) 0E2C  0000111000101100 ( 378)                 BRNZP End
(31D7) 1025  0001000000100101 ( 380) OneTwo          ADD   R0 R0 #5
(31D8) 0E2A  0000111000101010 ( 381)                 BRNZP End
(31D9) 1027  0001000000100111 ( 383) OneThree        ADD   R0 R0 #7
(31DA) 0E28  0000111000101000 ( 384)                 BRNZP End
(31DB) 218E  0010000110001110 ( 386) RowTwo          LD    R0 FARR2
(31DC) 18A0  0001100010100000 ( 387)                 ADD   R4 R2 #0
(31DD) 0409  0000010000001001 ( 388)                 BRZ   TwoZero
(31DE) 18A0  0001100010100000 ( 389)                 ADD   R4 R2 #0
(31DF) 193F  0001100100111111 ( 390)                 ADD   R4 R4 #-1
(31E0) 0408  0000010000001000 ( 391)                 BRZ   TwoOne
(31E1) 18A0  0001100010100000 ( 392)                 ADD   R4 R2 #0
(31E2) 193E  0001100100111110 ( 393)                 ADD   R4 R4 #-2
(31E3) 0407  0000010000000111 ( 394)                 BRZ   TwoTwo
(31E4) 18A0  0001100010100000 ( 395)                 ADD   R4 R2 #0
(31E5) 193D  0001100100111101 ( 396)                 ADD   R4 R4 #-3
(31E6) 0406  0000010000000110 ( 397)                 BRZ   TwoThree
(31E7) 1021  0001000000100001 ( 399) TwoZero         ADD   R0 R0 #1
(31E8) 0E1A  0000111000011010 ( 400)                 BRNZP End
(31E9) 1023  0001000000100011 ( 402) TwoOne          ADD   R0 R0 #3
(31EA) 0E18  0000111000011000 ( 403)                 BRNZP End
(31EB) 1025  0001000000100101 ( 405) TwoTwo          ADD   R0 R0 #5
(31EC) 0E16  0000111000010110 ( 406)                 BRNZP End
(31ED) 1027  0001000000100111 ( 408) TwoThree        ADD   R0 R0 #7
(31EE) 0E14  0000111000010100 ( 409)                 BRNZP End
(31EF) 217B  0010000101111011 ( 412) RowThree        LD    R0 FARR3
(31F0) 18A0  0001100010100000 ( 413)                 ADD   R4 R2 #0
(31F1) 0409  0000010000001001 ( 414)                 BRZ   ThreeZero
(31F2) 18A0  0001100010100000 ( 415)                 ADD   R4 R2 #0
(31F3) 193F  0001100100111111 ( 416)                 ADD   R4 R4 #-1
(31F4) 0408  0000010000001000 ( 417)                 BRZ   ThreeOne
(31F5) 18A0  0001100010100000 ( 418)                 ADD   R4 R2 #0
(31F6) 193E  0001100100111110 ( 419)                 ADD   R4 R4 #-2
(31F7) 0407  0000010000000111 ( 420)                 BRZ   ThreeTwo
(31F8) 18A0  0001100010100000 ( 421)                 ADD   R4 R2 #0
(31F9) 193D  0001100100111101 ( 422)                 ADD   R4 R4 #-3
(31FA) 0406  0000010000000110 ( 423)                 BRZ   ThreeThree
(31FB) 1021  0001000000100001 ( 425) ThreeZero       ADD   R0 R0 #1
(31FC) 0E06  0000111000000110 ( 426)                 BRNZP End
(31FD) 1023  0001000000100011 ( 428) ThreeOne        ADD   R0 R0 #3
(31FE) 0E04  0000111000000100 ( 429)                 BRNZP End
(31FF) 1025  0001000000100101 ( 431) ThreeTwo        ADD   R0 R0 #5
(3200) 0E02  0000111000000010 ( 432)                 BRNZP End
(3201) 1027  0001000000100111 ( 434) ThreeThree      ADD   R0 R0 #7
(3202) 0E00  0000111000000000 ( 435)                 BRNZP End
(3203) 2E07  0010111000000111 ( 438) End             LD    R7 StorR7
(3204) 2207  0010001000000111 ( 439)                 LD    R1 StorR1
(3205) 2407  0010010000000111 ( 440)                 LD    R2 StorR2
(3206) 2607  0010011000000111 ( 441)                 LD    R3 StorR3
(3207) 2807  0010100000000111 ( 442)                 LD    R4 StorR4
(3208) 2A07  0010101000000111 ( 443)                 LD    R5 StorR5
(3209) 2C07  0010110000000111 ( 444)                 LD    R6 StorR6
(320A) C1C0  1100000111000000 ( 446)                 RET   
(320B) 0000  0000000000000000 ( 449) StorR7          .FILL x0000
(320C) 0000  0000000000000000 ( 450) StorR1          .FILL x0000
(320D) 0000  0000000000000000 ( 451) StorR2          .FILL x0000
(320E) 0000  0000000000000000 ( 452) StorR3          .FILL x0000
(320F) 0000  0000000000000000 ( 453) StorR4          .FILL x0000
(3210) 0000  0000000000000000 ( 454) StorR5          .FILL x0000
(3211) 0000  0000000000000000 ( 455) StorR6          .FILL x0000
(3212) 30FE  0011000011111110 ( 455) FARCURR_ROW     .FILL x30FE
(3213) 30FF  0011000011111111 ( 456) FARCURR_COL     .FILL x30FF
(3214) 3100  0011000100000000 ( 457) FARHOME_ROW     .FILL x3100
(3215) 3101  0011000100000001 ( 458) FARHOME_COL     .FILL x3101
(3216) 3E51  0011111001010001 ( 474) SAFE_MOVE       ST    R7 SaveR7
(3217) 3051  0011000001010001 ( 475)                 ST    R0 SaveR0
(3218) 3651  0011011001010001 ( 476)                 ST    R3 SaveR3
(3219) 3851  0011100001010001 ( 477)                 ST    R4 SaveR4
(321A) 3A51  0011101001010001 ( 478)                 ST    R5 SaveR5
(321B) 3C51  0011110001010001 ( 479)                 ST    R6 SaveR6
(321C) A3F5  1010001111110101 ( 481)                 LDI   R1 FARCURR_ROW
(321D) A5F5  1010010111110101 ( 482)                 LDI   R2 FARCURR_COL
(321E) 967F  1001011001111111 ( 483)                 NOT   R3 R1
(321F) 16E1  0001011011100001 ( 484)                 ADD   R3 R3 #1
(3220) 98BF  1001100010111111 ( 485)                 NOT   R4 R2
(3221) 1921  0001100100100001 ( 486)                 ADD   R4 R4 #1
(3222) 2A3D  0010101000111101 ( 488)                 LD    R5 Inputi
(3223) 1B40  0001101101000000 ( 489)                 ADD   R5 R5 R0
(3224) 0A0B  0000101000001011 ( 490)                 BRNP  Noti
(3225) 16E0  0001011011100000 ( 491)                 ADD   R3 R3 #0
(3226) 0430  0000010000110000 ( 492)                 BRZ   Unsafe
(3227) 4F79  0100111101111001 ( 494)                 JSR   GRID_ADDRESS
(3228) 2E3A  0010111000111010 ( 495)                 LD    R7 Hyena
(3229) 2A3A  0010101000111010 ( 496)                 LD    R5 iMove
(322A) 1A05  0001101000000101 ( 497)                 ADD   R5 R0 R5
(322B) 6D40  0110110101000000 ( 498)                 LDR   R6 R5 #0
(322C) 1BC6  0001101111000110 ( 499)                 ADD   R5 R7 R6
(322D) 0429  0000010000101001 ( 500)                 BRZ   Unsafe
(322E) 127F  0001001001111111 ( 502)                 ADD   R1 R1 #-1
(322F) 0E29  0000111000101001 ( 503)                 BRNZP Done4
(3230) 2A31  0010101000110001 ( 505) Noti            LD    R5 Inputk
(3231) 1B40  0001101101000000 ( 506)                 ADD   R5 R5 R0
(3232) 0A0B  0000101000001011 ( 507)                 BRNP  Notk
(3233) 16E3  0001011011100011 ( 508)                 ADD   R3 R3 #3
(3234) 0422  0000010000100010 ( 509)                 BRZ   Unsafe
(3235) 4F6B  0100111101101011 ( 511)                 JSR   GRID_ADDRESS
(3236) 2E2C  0010111000101100 ( 512)                 LD    R7 Hyena
(3237) 2A2D  0010101000101101 ( 513)                 LD    R5 kMove
(3238) 1B40  0001101101000000 ( 514)                 ADD   R5 R5 R0
(3239) 6D40  0110110101000000 ( 515)                 LDR   R6 R5 #0
(323A) 1BC6  0001101111000110 ( 516)                 ADD   R5 R7 R6
(323B) 041B  0000010000011011 ( 517)                 BRZ   Unsafe
(323C) 1261  0001001001100001 ( 519)                 ADD   R1 R1 #1
(323D) 0E1B  0000111000011011 ( 520)                 BRNZP Done4
(323E) 2A22  0010101000100010 ( 522) Notk            LD    R5 Inputj
(323F) 1B40  0001101101000000 ( 523)                 ADD   R5 R5 R0
(3240) 0A0B  0000101000001011 ( 524)                 BRNP  Notj
(3241) 1920  0001100100100000 ( 525)                 ADD   R4 R4 #0
(3242) 0414  0000010000010100 ( 526)                 BRZ   Unsafe
(3243) 4F5D  0100111101011101 ( 528)                 JSR   GRID_ADDRESS
(3244) 2E1E  0010111000011110 ( 529)                 LD    R7 Hyena
(3245) 2A20  0010101000100000 ( 530)                 LD    R5 jMove
(3246) 1B40  0001101101000000 ( 531)                 ADD   R5 R5 R0
(3247) 6D40  0110110101000000 ( 532)                 LDR   R6 R5 #0
(3248) 1BC6  0001101111000110 ( 533)                 ADD   R5 R7 R6
(3249) 040D  0000010000001101 ( 534)                 BRZ   Unsafe
(324A) 14BF  0001010010111111 ( 536)                 ADD   R2 R2 #-1
(324B) 0E0D  0000111000001101 ( 537)                 BRNZP Done4
(324C) 1923  0001100100100011 ( 539) Notj            ADD   R4 R4 #3
(324D) 0409  0000010000001001 ( 540)                 BRZ   Unsafe
(324E) 4F52  0100111101010010 ( 542)                 JSR   GRID_ADDRESS
(324F) 2E13  0010111000010011 ( 543)                 LD    R7 Hyena
(3250) 2A16  0010101000010110 ( 544)                 LD    R5 lMove
(3251) 1B40  0001101101000000 ( 545)                 ADD   R5 R5 R0
(3252) 6D40  0110110101000000 ( 546)                 LDR   R6 R5 #0
(3253) 1BC6  0001101111000110 ( 547)                 ADD   R5 R7 R6
(3254) 0402  0000010000000010 ( 548)                 BRZ   Unsafe
(3255) 14A1  0001010010100001 ( 550)                 ADD   R2 R2 #1
(3256) 0E02  0000111000000010 ( 551)                 BRNZP Done4
(3257) 5260  0101001001100000 ( 554) Unsafe          AND   R1 R1 #0
(3258) 127F  0001001001111111 ( 555)                 ADD   R1 R1 #-1
(3259) 2E0E  0010111000001110 ( 558) Done4           LD    R7 SaveR7
(325A) 200E  0010000000001110 ( 559)                 LD    R0 SaveR0
(325B) 260E  0010011000001110 ( 560)                 LD    R3 SaveR3
(325C) 280E  0010100000001110 ( 561)                 LD    R4 SaveR4
(325D) 2A0E  0010101000001110 ( 562)                 LD    R5 SaveR5
(325E) 2C0E  0010110000001110 ( 563)                 LD    R6 SaveR6
(325F) C1C0  1100000111000000 ( 565)                 RET   
(3260) FF97  1111111110010111 ( 567) Inputi          .FILL xFF97
(3261) FF96  1111111110010110 ( 568) Inputj          .FILL xFF96
(3262) FF95  1111111110010101 ( 569) Inputk          .FILL xFF95
(3263) FFDD  1111111111011101 ( 570) Hyena           .FILL xFFDD
(3264) FFEC  1111111111101100 ( 571) iMove           .FILL xFFEC
(3265) 0014  0000000000010100 ( 572) kMove           .FILL x0014
(3266) FFFE  1111111111111110 ( 573) jMove           .FILL xFFFE
(3267) 0002  0000000000000010 ( 574) lMove           .FILL x0002
(3268) 0000  0000000000000000 ( 576) SaveR7          .FILL x0000
(3269) 0000  0000000000000000 ( 577) SaveR0          .FILL x0000
(326A) 0000  0000000000000000 ( 578) SaveR3          .FILL x0000
(326B) 0000  0000000000000000 ( 579) SaveR4          .FILL x0000
(326C) 0000  0000000000000000 ( 580) SaveR5          .FILL x0000
(326D) 0000  0000000000000000 ( 589) SaveR6          .FILL x0000
(326E) 3E1B  0011111000011011 ( 590) IS_INPUT_VALID  ST    R7 SttR7
(326F) 301B  0011000000011011 ( 591)                 ST    R0 SttR0
(3270) 321B  0011001000011011 ( 592)                 ST    R1 SttR1
(3271) 54A0  0101010010100000 ( 594)                 AND   R2 R2 #0
(3272) 2213  0010001000010011 ( 596)                 LD    R1 Checki
(3273) 1440  0001010001000000 ( 597)                 ADD   R2 R1 R0
(3274) 040C  0000010000001100 ( 598)                 BRZ   Valid
(3275) 2211  0010001000010001 ( 600)                 LD    R1 Checkj
(3276) 1440  0001010001000000 ( 601)                 ADD   R2 R1 R0
(3277) 0409  0000010000001001 ( 602)                 BRZ   Valid
(3278) 220F  0010001000001111 ( 604)                 LD    R1 Checkk
(3279) 1440  0001010001000000 ( 605)                 ADD   R2 R1 R0
(327A) 0406  0000010000000110 ( 606)                 BRZ   Valid
(327B) 220D  0010001000001101 ( 608)                 LD    R1 Checkl
(327C) 1440  0001010001000000 ( 609)                 ADD   R2 R1 R0
(327D) 0403  0000010000000011 ( 610)                 BRZ   Valid
(327E) 54A0  0101010010100000 ( 612)                 AND   R2 R2 #0
(327F) 14BF  0001010010111111 ( 613)                 ADD   R2 R2 #-1
(3280) 0E01  0000111000000001 ( 614)                 BRNZP End3
(3281) 54A0  0101010010100000 ( 616) Valid           AND   R2 R2 #0
(3282) 2E07  0010111000000111 ( 618) End3            LD    R7 SttR7
(3283) 2007  0010000000000111 ( 619)                 LD    R0 SttR0
(3284) 2207  0010001000000111 ( 620)                 LD    R1 SttR1
(3285) C1C0  1100000111000000 ( 622)                 RET   
(3286) FF97  1111111110010111 ( 624) Checki          .FILL xFF97
(3287) FF96  1111111110010110 ( 625) Checkj          .FILL xFF96
(3288) FF95  1111111110010101 ( 626) Checkk          .FILL xFF95
(3289) FF94  1111111110010100 ( 627) Checkl          .FILL xFF94
(328A) 0000  0000000000000000 ( 629) SttR7           .FILL x0000
(328B) 0000  0000000000000000 ( 630) SttR0           .FILL x0000
(328C) 0000  0000000000000000 ( 644) SttR1           .FILL x0000
(328D) 3E63  0011111001100011 ( 645) APPLY_MOVE      ST    R7 SaveeR7
(328E) 3063  0011000001100011 ( 646)                 ST    R0 SaveeR0
(328F) 3263  0011001001100011 ( 647)                 ST    R1 SaveeR1
(3290) 3463  0011010001100011 ( 648)                 ST    R2 SaveeR2
(3291) 3663  0011011001100011 ( 649)                 ST    R3 SaveeR3
(3292) 3863  0011100001100011 ( 650)                 ST    R4 SaveeR4
(3293) 3A63  0011101001100011 ( 651)                 ST    R5 SaveeR5
(3294) 3C63  0011110001100011 ( 652)                 ST    R6 SaveeR6
(3295) 5920  0101100100100000 ( 654)                 AND   R4 R4 #0
(3296) 1900  0001100100000000 ( 655)                 ADD   R4 R4 R0
(3297) 4F7E  0100111101111110 ( 657)                 JSR   SAFE_MOVE
(3298) 1661  0001011001100001 ( 658)                 ADD   R3 R1 #1
(3299) 0425  0000010000100101 ( 659)                 BRZ   NoMove
(329A) B377  1011001101110111 ( 661)                 STI   R1 FARCURR_ROW
(329B) B577  1011010101110111 ( 662)                 STI   R2 FARCURR_COL
(329C) 4F04  0100111100000100 ( 664)                 JSR   GRID_ADDRESS
(329D) 262F  0010011000101111 ( 665)                 LD    R3 Asteri
(329E) 7600  0111011000000000 ( 666)                 STR   R3 R0 #0
(329F) 2C2E  0010110000101110 ( 667)                 LD    R6 Spacer
(32A0) 2629  0010011000101001 ( 669)                 LD    R3 Inputii
(32A1) 16C4  0001011011000100 ( 670)                 ADD   R3 R3 R4
(32A2) 0A06  0000101000000110 ( 671)                 BRNP  tryk
(32A3) 2A4C  0010101001001100 ( 672)                 LD    R5 OldAdd2
(32A4) 1A05  0001101000000101 ( 673)                 ADD   R5 R0 R5
(32A5) 7D40  0111110101000000 ( 674)                 STR   R6 R5 #0
(32A6) 1B76  0001101101110110 ( 675)                 ADD   R5 R5 #-10
(32A7) 7D40  0111110101000000 ( 676)                 STR   R6 R5 #0
(32A8) 0E18  0000111000011000 ( 677)                 BRNZP Done5
(32A9) 2622  0010011000100010 ( 679) tryk            LD    R3 Inputkk
(32AA) 16C4  0001011011000100 ( 680)                 ADD   R3 R3 R4
(32AB) 0A06  0000101000000110 ( 681)                 BRNP  tryj
(32AC) 2A42  0010101001000010 ( 682)                 LD    R5 OldAdd1
(32AD) 1A05  0001101000000101 ( 683)                 ADD   R5 R0 R5
(32AE) 7D40  0111110101000000 ( 684)                 STR   R6 R5 #0
(32AF) 1B6A  0001101101101010 ( 685)                 ADD   R5 R5 #10
(32B0) 7D40  0111110101000000 ( 686)                 STR   R6 R5 #0
(32B1) 0E0F  0000111000001111 ( 687)                 BRNZP Done5
(32B2) 2618  0010011000011000 ( 689) tryj            LD    R3 Inputjj
(32B3) 16C4  0001011011000100 ( 690)                 ADD   R3 R3 R4
(32B4) 0A05  0000101000000101 ( 691)                 BRNP  tryl
(32B5) 1A22  0001101000100010 ( 692)                 ADD   R5 R0 #2
(32B6) 7D40  0111110101000000 ( 693)                 STR   R6 R5 #0
(32B7) 1B7F  0001101101111111 ( 694)                 ADD   R5 R5 #-1
(32B8) 7D40  0111110101000000 ( 695)                 STR   R6 R5 #0
(32B9) 0E07  0000111000000111 ( 696)                 BRNZP Done5
(32BA) 1A3E  0001101000111110 ( 699) tryl            ADD   R5 R0 #-2
(32BB) 7D40  0111110101000000 ( 700)                 STR   R6 R5 #0
(32BC) 1B61  0001101101100001 ( 701)                 ADD   R5 R5 #1
(32BD) 7D40  0111110101000000 ( 702)                 STR   R6 R5 #0
(32BE) 0E02  0000111000000010 ( 703)                 BRNZP Done5
(32BF) E00F  1110000000001111 ( 705) NoMove          LEA   R0 Unsafe_Move
(32C0) F022  1111000000100010 ( 706)                 TRAP  x22
(32C1) 2E2F  0010111000101111 ( 710) Done5           LD    R7 SaveeR7
(32C2) 202F  0010000000101111 ( 711)                 LD    R0 SaveeR0
(32C3) 222F  0010001000101111 ( 712)                 LD    R1 SaveeR1
(32C4) 242F  0010010000101111 ( 713)                 LD    R2 SaveeR2
(32C5) 262F  0010011000101111 ( 714)                 LD    R3 SaveeR3
(32C6) 282F  0010100000101111 ( 715)                 LD    R4 SaveeR4
(32C7) 2A2F  0010101000101111 ( 716)                 LD    R5 SaveeR5
(32C8) 2C2F  0010110000101111 ( 717)                 LD    R6 SaveeR6
(32C9) C1C0  1100000111000000 ( 719)                 RET   
(32CA) FF97  1111111110010111 ( 721) Inputii         .FILL xFF97
(32CB) FF96  1111111110010110 ( 722) Inputjj         .FILL xFF96
(32CC) FF95  1111111110010101 ( 723) Inputkk         .FILL xFF95
(32CD) 002A  0000000000101010 ( 724) Asteri          .FILL x002A
(32CE) 0020  0000000000100000 ( 725) Spacer          .FILL x0020
(32CF) 000A  0000000000001010 ( 726) Unsafe_Move     .FILL x000A
(32D0) 0055  0000000001010101 ( 726)                 .FILL x0055
(32D1) 006E  0000000001101110 ( 726)                 .FILL x006E
(32D2) 0073  0000000001110011 ( 726)                 .FILL x0073
(32D3) 0061  0000000001100001 ( 726)                 .FILL x0061
(32D4) 0066  0000000001100110 ( 726)                 .FILL x0066
(32D5) 0065  0000000001100101 ( 726)                 .FILL x0065
(32D6) 0020  0000000000100000 ( 726)                 .FILL x0020
(32D7) 004D  0000000001001101 ( 726)                 .FILL x004D
(32D8) 006F  0000000001101111 ( 726)                 .FILL x006F
(32D9) 0076  0000000001110110 ( 726)                 .FILL x0076
(32DA) 0065  0000000001100101 ( 726)                 .FILL x0065
(32DB) 0021  0000000000100001 ( 726)                 .FILL x0021
(32DC) 0020  0000000000100000 ( 726)                 .FILL x0020
(32DD) 0050  0000000001010000 ( 726)                 .FILL x0050
(32DE) 006C  0000000001101100 ( 726)                 .FILL x006C
(32DF) 0065  0000000001100101 ( 726)                 .FILL x0065
(32E0) 0061  0000000001100001 ( 726)                 .FILL x0061
(32E1) 0073  0000000001110011 ( 726)                 .FILL x0073
(32E2) 0065  0000000001100101 ( 726)                 .FILL x0065
(32E3) 0020  0000000000100000 ( 726)                 .FILL x0020
(32E4) 0074  0000000001110100 ( 726)                 .FILL x0074
(32E5) 0072  0000000001110010 ( 726)                 .FILL x0072
(32E6) 0079  0000000001111001 ( 726)                 .FILL x0079
(32E7) 0020  0000000000100000 ( 726)                 .FILL x0020
(32E8) 0061  0000000001100001 ( 726)                 .FILL x0061
(32E9) 0067  0000000001100111 ( 726)                 .FILL x0067
(32EA) 0061  0000000001100001 ( 726)                 .FILL x0061
(32EB) 0069  0000000001101001 ( 726)                 .FILL x0069
(32EC) 006E  0000000001101110 ( 726)                 .FILL x006E
(32ED) 002E  0000000000101110 ( 726)                 .FILL x002E
(32EE) 0000  0000000000000000 ( 726)                 .FILL x0000
(32EF) FFEC  1111111111101100 ( 727) OldAdd1         .FILL xFFEC
(32F0) 0014  0000000000010100 ( 728) OldAdd2         .FILL x0014
(32F1) 0000  0000000000000000 ( 730) SaveeR7         .FILL x0000
(32F2) 0000  0000000000000000 ( 731) SaveeR0         .FILL x0000
(32F3) 0000  0000000000000000 ( 732) SaveeR1         .FILL x0000
(32F4) 0000  0000000000000000 ( 733) SaveeR2         .FILL x0000
(32F5) 0000  0000000000000000 ( 734) SaveeR3         .FILL x0000
(32F6) 0000  0000000000000000 ( 735) SaveeR4         .FILL x0000
(32F7) 0000  0000000000000000 ( 736) SaveeR5         .FILL x0000
(32F8) 0000  0000000000000000 ( 745) SaveeR6         .FILL x0000
(32F9) 3E1F  0011111000011111 ( 746) IS_GAME_OVER    ST    R7 SSR7
(32FA) 301F  0011000000011111 ( 747)                 ST    R0 SSR0
(32FB) 321F  0011001000011111 ( 748)                 ST    R1 SSR1
(32FC) 361F  0011011000011111 ( 749)                 ST    R3 SSR3
(32FD) 381F  0011100000011111 ( 750)                 ST    R4 SSR4
(32FE) 3A1F  0011101000011111 ( 751)                 ST    R5 SSR5
(32FF) 3C1F  0011110000011111 ( 752)                 ST    R6 SSR6
(3300) A311  1010001100010001 ( 754)                 LDI   R1 FARCURR_ROW
(3301) A511  1010010100010001 ( 755)                 LDI   R2 FARCURR_COL
(3302) A711  1010011100010001 ( 756)                 LDI   R3 FARHOME_ROW
(3303) A911  1010100100010001 ( 757)                 LDI   R4 FARHOME_COL
(3304) 96FF  1001011011111111 ( 758)                 NOT   R3 R3
(3305) 16E1  0001011011100001 ( 759)                 ADD   R3 R3 #1
(3306) 1AC1  0001101011000001 ( 760)                 ADD   R5 R3 R1
(3307) 0403  0000010000000011 ( 761)                 BRZ   CheckC
(3308) 54A0  0101010010100000 ( 763) StillOn         AND   R2 R2 #0
(3309) 14BF  0001010010111111 ( 764)                 ADD   R2 R2 #-1
(330A) 0E06  0000111000000110 ( 765)                 BRNZP Done6
(330B) 993F  1001100100111111 ( 767) CheckC          NOT   R4 R4
(330C) 1921  0001100100100001 ( 768)                 ADD   R4 R4 #1
(330D) 1D02  0001110100000010 ( 769)                 ADD   R6 R4 R2
(330E) 0401  0000010000000001 ( 770)                 BRZ   Over
(330F) 0BF8  0000101111111000 ( 771)                 BRNP  StillOn
(3310) 54A0  0101010010100000 ( 773) Over            AND   R2 R2 #0
(3311) 2E07  0010111000000111 ( 776) Done6           LD    R7 SSR7
(3312) 2007  0010000000000111 ( 777)                 LD    R0 SSR0
(3313) 2207  0010001000000111 ( 778)                 LD    R1 SSR1
(3314) 2607  0010011000000111 ( 779)                 LD    R3 SSR3
(3315) 2807  0010100000000111 ( 780)                 LD    R4 SSR4
(3316) 2A07  0010101000000111 ( 781)                 LD    R5 SSR5
(3317) 2C07  0010110000000111 ( 782)                 LD    R6 SSR6
(3318) C1C0  1100000111000000 ( 784)                 RET   
(3319) 0000  0000000000000000 ( 787) SSR7            .FILL x0000
(331A) 0000  0000000000000000 ( 788) SSR0            .FILL x0000
(331B) 0000  0000000000000000 ( 789) SSR1            .FILL x0000
(331C) 0000  0000000000000000 ( 790) SSR3            .FILL x0000
(331D) 0000  0000000000000000 ( 791) SSR4            .FILL x0000
(331E) 0000  0000000000000000 ( 792) SSR5            .FILL x0000
(331F) 0000  0000000000000000 ( 794) SSR6            .FILL x0000
